# JRE version: Java(TM) SE Runtime Environment (8.0_77-b03) (build 1.8.0_77-b03)
# Java VM: Java HotSpot(TM) 64-Bit Server VM (25.77-b03 mixed mode bsd-amd64 compressed oops)
Heap:
 PSYoungGen      total 141824K, used 82815K [0x000000076ab00000, 0x000000077ce00000, 0x00000007c0000000)
  eden space 131072K, 63% used [0x000000076ab00000,0x000000076fbdfdf0,0x0000000772b00000)
  from space 10752K, 0% used [0x0000000772b00000,0x0000000772b00000,0x0000000773580000)
  to   space 17920K, 0% used [0x000000077bc80000,0x000000077bc80000,0x000000077ce00000)
 ParOldGen       total 99328K, used 18961K [0x00000006c0000000, 0x00000006c6100000, 0x000000076ab00000)
  object space 99328K, 19% used [0x00000006c0000000,0x00000006c12844f8,0x00000006c6100000)
 Metaspace       used 23783K, capacity 24848K, committed 25008K, reserved 1071104K
  class space    used 3168K, capacity 3436K, committed 3504K, reserved 1048576K
GC Heap History (10 events):
Event: 1.559 GC heap before
{Heap before GC invocations=2 (full 0):
 PSYoungGen      total 76288K, used 72253K [0x000000076ab00000, 0x0000000770000000, 0x00000007c0000000)
  eden space 65536K, 99% used [0x000000076ab00000,0x000000076eaea5c8,0x000000076eb00000)
  from space 10752K, 63% used [0x000000076eb00000,0x000000076f1a5220,0x000000076f580000)
  to   space 10752K, 0% used [0x000000076f580000,0x000000076f580000,0x0000000770000000)
 ParOldGen       total 175104K, used 5389K [0x00000006c0000000, 0x00000006cab00000, 0x000000076ab00000)
  object space 175104K, 3% used [0x00000006c0000000,0x00000006c05434d0,0x00000006cab00000)
 Metaspace       used 18929K, capacity 19548K, committed 19712K, reserved 1067008K
  class space    used 2591K, capacity 2776K, committed 2816K, reserved 1048576K
Event: 1.567 GC heap after
Heap after GC invocations=2 (full 0):
 PSYoungGen      total 76288K, used 5694K [0x000000076ab00000, 0x0000000774000000, 0x00000007c0000000)
  eden space 65536K, 0% used [0x000000076ab00000,0x000000076ab00000,0x000000076eb00000)
  from space 10752K, 52% used [0x000000076f580000,0x000000076fb0fb80,0x0000000770000000)
  to   space 10752K, 0% used [0x000000076eb00000,0x000000076eb00000,0x000000076f580000)
 ParOldGen       total 175104K, used 5397K [0x00000006c0000000, 0x00000006cab00000, 0x000000076ab00000)
  object space 175104K, 3% used [0x00000006c0000000,0x00000006c05454d0,0x00000006cab00000)
 Metaspace       used 18929K, capacity 19548K, committed 19712K, reserved 1067008K
  class space    used 2591K, capacity 2776K, committed 2816K, reserved 1048576K
}
Event: 1.591 GC heap before
{Heap before GC invocations=3 (full 0):
 PSYoungGen      total 76288K, used 71108K [0x000000076ab00000, 0x0000000774000000, 0x00000007c0000000)
  eden space 65536K, 99% used [0x000000076ab00000,0x000000076eae1698,0x000000076eb00000)
  from space 10752K, 52% used [0x000000076f580000,0x000000076fb0fb80,0x0000000770000000)
  to   space 10752K, 0% used [0x000000076eb00000,0x000000076eb00000,0x000000076f580000)
 ParOldGen       total 175104K, used 7914K [0x00000006c0000000, 0x00000006cab00000, 0x000000076ab00000)
  object space 175104K, 4% used [0x00000006c0000000,0x00000006c07bab30,0x00000006cab00000)
 Metaspace       used 18929K, capacity 19548K, committed 19712K, reserved 1067008K
  class space    used 2591K, capacity 2776K, committed 2816K, reserved 1048576K
Event: 1.597 GC heap after
Heap after GC invocations=3 (full 0):
 PSYoungGen      total 76288K, used 5614K [0x000000076ab00000, 0x0000000774000000, 0x00000007c0000000)
  eden space 65536K, 0% used [0x000000076ab00000,0x000000076ab00000,0x000000076eb00000)
  from space 10752K, 52% used [0x000000076eb00000,0x000000076f07bb70,0x000000076f580000)
  to   space 10752K, 0% used [0x0000000773580000,0x0000000773580000,0x0000000774000000)
 ParOldGen       total 175104K, used 7922K [0x00000006c0000000, 0x00000006cab00000, 0x000000076ab00000)
  object space 175104K, 4% used [0x00000006c0000000,0x00000006c07bcb30,0x00000006cab00000)
 Metaspace       used 18929K, capacity 19548K, committed 19712K, reserved 1067008K
  class space    used 2591K, capacity 2776K, committed 2816K, reserved 1048576K
}
Event: 1.628 GC heap before
{Heap before GC invocations=4 (full 0):
 PSYoungGen      total 76288K, used 70984K [0x000000076ab00000, 0x0000000774000000, 0x00000007c0000000)
  eden space 65536K, 99% used [0x000000076ab00000,0x000000076ead6708,0x000000076eb00000)
  from space 10752K, 52% used [0x000000076eb00000,0x000000076f07bb70,0x000000076f580000)
  to   space 10752K, 0% used [0x0000000773580000,0x0000000773580000,0x0000000774000000)
 ParOldGen       total 175104K, used 19216K [0x00000006c0000000, 0x00000006cab00000, 0x000000076ab00000)
  object space 175104K, 10% used [0x00000006c0000000,0x00000006c12c4230,0x00000006cab00000)
 Metaspace       used 18931K, capacity 19548K, committed 19712K, reserved 1067008K
  class space    used 2591K, capacity 2776K, committed 2816K, reserved 1048576K
Event: 1.636 GC heap after
Heap after GC invocations=4 (full 0):
 PSYoungGen      total 141824K, used 10735K [0x000000076ab00000, 0x0000000774000000, 0x00000007c0000000)
  eden space 131072K, 0% used [0x000000076ab00000,0x000000076ab00000,0x0000000772b00000)
  from space 10752K, 99% used [0x0000000773580000,0x0000000773ffbe60,0x0000000774000000)
  to   space 10752K, 0% used [0x0000000772b00000,0x0000000772b00000,0x0000000773580000)
 ParOldGen       total 175104K, used 20197K [0x00000006c0000000, 0x00000006cab00000, 0x000000076ab00000)
  object space 175104K, 11% used [0x00000006c0000000,0x00000006c13b9570,0x00000006cab00000)
 Metaspace       used 18931K, capacity 19548K, committed 19712K, reserved 1067008K
  class space    used 2591K, capacity 2776K, committed 2816K, reserved 1048576K
}
Event: 1.879 GC heap before
{Heap before GC invocations=5 (full 0):
 PSYoungGen      total 141824K, used 61013K [0x000000076ab00000, 0x0000000774000000, 0x00000007c0000000)
  eden space 131072K, 38% used [0x000000076ab00000,0x000000076dc19730,0x0000000772b00000)
  from space 10752K, 99% used [0x0000000773580000,0x0000000773ffbe60,0x0000000774000000)
  to   space 10752K, 0% used [0x0000000772b00000,0x0000000772b00000,0x0000000773580000)
 ParOldGen       total 175104K, used 20197K [0x00000006c0000000, 0x00000006cab00000, 0x000000076ab00000)
  object space 175104K, 11% used [0x00000006c0000000,0x00000006c13b9570,0x00000006cab00000)
 Metaspace       used 20452K, capacity 21240K, committed 21296K, reserved 1067008K
  class space    used 2881K, capacity 3082K, committed 3120K, reserved 1048576K
Event: 1.891 GC heap after
Heap after GC invocations=5 (full 0):
 PSYoungGen      total 141824K, used 10740K [0x000000076ab00000, 0x000000077ce00000, 0x00000007c0000000)
  eden space 131072K, 0% used [0x000000076ab00000,0x000000076ab00000,0x0000000772b00000)
  from space 10752K, 99% used [0x0000000772b00000,0x000000077357d100,0x0000000773580000)
  to   space 17920K, 0% used [0x000000077bc80000,0x000000077bc80000,0x000000077ce00000)
 ParOldGen       total 175104K, used 27448K [0x00000006c0000000, 0x00000006cab00000, 0x000000076ab00000)
  object space 175104K, 15% used [0x00000006c0000000,0x00000006c1ace2e0,0x00000006cab00000)
 Metaspace       used 20452K, capacity 21240K, committed 21296K, reserved 1067008K
  class space    used 2881K, capacity 3082K, committed 3120K, reserved 1048576K
}
Event: 1.891 GC heap before
{Heap before GC invocations=6 (full 1):
 PSYoungGen      total 141824K, used 10740K [0x000000076ab00000, 0x000000077ce00000, 0x00000007c0000000)
  eden space 131072K, 0% used [0x000000076ab00000,0x000000076ab00000,0x0000000772b00000)
  from space 10752K, 99% used [0x0000000772b00000,0x000000077357d100,0x0000000773580000)
  to   space 17920K, 0% used [0x000000077bc80000,0x000000077bc80000,0x000000077ce00000)
 ParOldGen       total 175104K, used 27448K [0x00000006c0000000, 0x00000006cab00000, 0x000000076ab00000)
  object space 175104K, 15% used [0x00000006c0000000,0x00000006c1ace2e0,0x00000006cab00000)
 Metaspace       used 20452K, capacity 21240K, committed 21296K, reserved 1067008K
  class space    used 2881K, capacity 3082K, committed 3120K, reserved 1048576K
Event: 1.926 GC heap after
Heap after GC invocations=6 (full 1):
 PSYoungGen      total 141824K, used 0K [0x000000076ab00000, 0x000000077ce00000, 0x00000007c0000000)
  eden space 131072K, 0% used [0x000000076ab00000,0x000000076ab00000,0x0000000772b00000)
  from space 10752K, 0% used [0x0000000772b00000,0x0000000772b00000,0x0000000773580000)
  to   space 17920K, 0% used [0x000000077bc80000,0x000000077bc80000,0x000000077ce00000)
 ParOldGen       total 99328K, used 18961K [0x00000006c0000000, 0x00000006c6100000, 0x000000076ab00000)
  object space 99328K, 19% used [0x00000006c0000000,0x00000006c12844f8,0x00000006c6100000)
 Metaspace       used 20452K, capacity 21240K, committed 21296K, reserved 1067008K
  class space    used 2881K, capacity 3082K, committed 3120K, reserved 1048576K
}

